2014-04-24 09:42:44.484 HelloWorld[19264:70b] Multi-tasking -> Device: YES, App: YES
2014-04-24 09:42:44.834 HelloWorld[19264:70b] Resetting plugins due to page load.
2014-04-24 09:42:44.920 HelloWorld[19264:70b] Finished load of: file:///Users/shawnhoffman/Library/Application%20Support/iPhone%20Simulator/7.1/Applications/8A2D1BB1-1BCA-4328-BEA2-C39BC5141D62/HelloWorld.app/www/index.html
Terminating in response to SpringBoard's termination.
2014-04-24 10:00:52.351 HelloWorld[19680:70b] Multi-tasking -> Device: YES, App: YES
2014-04-24 10:00:52.455 HelloWorld[19680:70b] Resetting plugins due to page load.
2014-04-24 10:00:52.514 HelloWorld[19680:70b] Finished load of: file:///Users/shawnhoffman/Library/Application%20Support/iPhone%20Simulator/7.1/Applications/8A2D1BB1-1BCA-4328-BEA2-C39BC5141D62/HelloWorld.app/www/index.html
2014-04-24 10:01:34.062 HelloWorld[19680:70b] Received memory warning.
objc[20017]: Class AXEmojiUtilities is implemented in both /Applications/Xcode.app/Contents/Developer/Platforms/iPhoneSimulator.platform/Developer/SDKs/iPhoneSimulator7.1.sdk/System/Library/PrivateFrameworks/AccessibilityUtilities.framework/AccessibilityUtilities and /Applications/Xcode.app/Contents/Developer/Platforms/iPhoneSimulator.platform/Developer/SDKs/iPhoneSimulator7.1.sdk/usr/lib/libAXSpeechManager.dylib. One of the two will be used. Which one is undefined.
2014-04-24 10:02:28.468 HelloWorld[20017:70b] Cannot find executable for CFBundle 0xa86fa90 </Applications/Xcode.app/Contents/Developer/Platforms/iPhoneSimulator.platform/Developer/SDKs/iPhoneSimulator7.1.sdk/System/Library/AccessibilityBundles/GeoServices.axbundle> (not loaded)
2014-04-24 10:02:28.471 HelloWorld[20017:70b] Cannot find executable for CFBundle 0xa88f130 </Applications/Xcode.app/Contents/Developer/Platforms/iPhoneSimulator.platform/Developer/SDKs/iPhoneSimulator7.1.sdk/System/Library/AccessibilityBundles/CertUIFramework.axbundle> (not loaded)
2014-04-24 10:02:28.508 HelloWorld[20017:70b] Multi-tasking -> Device: YES, App: YES
2014-04-24 10:02:28.633 HelloWorld[20017:70b] Resetting plugins due to page load.
2014-04-24 10:02:28.677 HelloWorld[20017:70b] Finished load of: file:///Users/shawnhoffman/Library/Application%20Support/iPhone%20Simulator/7.1/Applications/8A2D1BB1-1BCA-4328-BEA2-C39BC5141D62/HelloWorld.app/www/index.html
objc[21203]: Class AXEmojiUtilities is implemented in both /Applications/Xcode.app/Contents/Developer/Platforms/iPhoneSimulator.platform/Developer/SDKs/iPhoneSimulator7.1.sdk/System/Library/PrivateFrameworks/AccessibilityUtilities.framework/AccessibilityUtilities and /Applications/Xcode.app/Contents/Developer/Platforms/iPhoneSimulator.platform/Developer/SDKs/iPhoneSimulator7.1.sdk/usr/lib/libAXSpeechManager.dylib. One of the two will be used. Which one is undefined.
2014-04-24 11:09:34.172 HelloWorld[21203:70b] Cannot find executable for CFBundle 0xa68bec0 </Applications/Xcode.app/Contents/Developer/Platforms/iPhoneSimulator.platform/Developer/SDKs/iPhoneSimulator7.1.sdk/System/Library/AccessibilityBundles/GeoServices.axbundle> (not loaded)
2014-04-24 11:09:34.179 HelloWorld[21203:70b] Cannot find executable for CFBundle 0xa6a91a0 </Applications/Xcode.app/Contents/Developer/Platforms/iPhoneSimulator.platform/Developer/SDKs/iPhoneSimulator7.1.sdk/System/Library/AccessibilityBundles/CertUIFramework.axbundle> (not loaded)
2014-04-24 11:09:34.213 HelloWorld[21203:70b] Multi-tasking -> Device: YES, App: YES
2014-04-24 11:09:34.334 HelloWorld[21203:70b] Resetting plugins due to page load.
2014-04-24 11:09:34.374 HelloWorld[21203:70b] Finished load of: file:///Users/shawnhoffman/Library/Application%20Support/iPhone%20Simulator/7.1/Applications/8A2D1BB1-1BCA-4328-BEA2-C39BC5141D62/HelloWorld.app/www/index.html
objc[21626]: Class AXEmojiUtilities is implemented in both /Applications/Xcode.app/Contents/Developer/Platforms/iPhoneSimulator.platform/Developer/SDKs/iPhoneSimulator7.1.sdk/System/Library/PrivateFrameworks/AccessibilityUtilities.framework/AccessibilityUtilities and /Applications/Xcode.app/Contents/Developer/Platforms/iPhoneSimulator.platform/Developer/SDKs/iPhoneSimulator7.1.sdk/usr/lib/libAXSpeechManager.dylib. One of the two will be used. Which one is undefined.
2014-04-24 11:21:47.089 HelloWorld[21626:70b] Cannot find executable for CFBundle 0xa53b100 </Applications/Xcode.app/Contents/Developer/Platforms/iPhoneSimulator.platform/Developer/SDKs/iPhoneSimulator7.1.sdk/System/Library/AccessibilityBundles/GeoServices.axbundle> (not loaded)
2014-04-24 11:21:47.096 HelloWorld[21626:70b] Cannot find executable for CFBundle 0xa678520 </Applications/Xcode.app/Contents/Developer/Platforms/iPhoneSimulator.platform/Developer/SDKs/iPhoneSimulator7.1.sdk/System/Library/AccessibilityBundles/CertUIFramework.axbundle> (not loaded)
2014-04-24 11:21:47.138 HelloWorld[21626:70b] Multi-tasking -> Device: YES, App: YES
2014-04-24 11:21:47.268 HelloWorld[21626:70b] Resetting plugins due to page load.
2014-04-24 11:21:47.374 HelloWorld[21626:70b] Finished load of: file:///Users/shawnhoffman/Library/Application%20Support/iPhone%20Simulator/7.1/Applications/8A2D1BB1-1BCA-4328-BEA2-C39BC5141D62/HelloWorld.app/www/index.html
objc[22375]: Class AXEmojiUtilities is implemented in both /Applications/Xcode.app/Contents/Developer/Platforms/iPhoneSimulator.platform/Developer/SDKs/iPhoneSimulator7.1.sdk/System/Library/PrivateFrameworks/AccessibilityUtilities.framework/AccessibilityUtilities and /Applications/Xcode.app/Contents/Developer/Platforms/iPhoneSimulator.platform/Developer/SDKs/iPhoneSimulator7.1.sdk/usr/lib/libAXSpeechManager.dylib. One of the two will be used. Which one is undefined.
2014-04-24 11:23:51.263 HelloWorld[22375:70b] Cannot find executable for CFBundle 0xa5ce0a0 </Applications/Xcode.app/Contents/Developer/Platforms/iPhoneSimulator.platform/Developer/SDKs/iPhoneSimulator7.1.sdk/System/Library/AccessibilityBundles/GeoServices.axbundle> (not loaded)
2014-04-24 11:23:51.268 HelloWorld[22375:70b] Cannot find executable for CFBundle 0xa5eb7d0 </Applications/Xcode.app/Contents/Developer/Platforms/iPhoneSimulator.platform/Developer/SDKs/iPhoneSimulator7.1.sdk/System/Library/AccessibilityBundles/CertUIFramework.axbundle> (not loaded)
2014-04-24 11:23:51.292 HelloWorld[22375:70b] Multi-tasking -> Device: YES, App: YES
2014-04-24 11:23:51.400 HelloWorld[22375:70b] Resetting plugins due to page load.
2014-04-24 11:23:51.451 HelloWorld[22375:70b] Finished load of: file:///Users/shawnhoffman/Library/Application%20Support/iPhone%20Simulator/7.1/Applications/8A2D1BB1-1BCA-4328-BEA2-C39BC5141D62/HelloWorld.app/www/index.html
objc[22673]: Class AXEmojiUtilities is implemented in both /Applications/Xcode.app/Contents/Developer/Platforms/iPhoneSimulator.platform/Developer/SDKs/iPhoneSimulator7.1.sdk/System/Library/PrivateFrameworks/AccessibilityUtilities.framework/AccessibilityUtilities and /Applications/Xcode.app/Contents/Developer/Platforms/iPhoneSimulator.platform/Developer/SDKs/iPhoneSimulator7.1.sdk/usr/lib/libAXSpeechManager.dylib. One of the two will be used. Which one is undefined.
2014-04-24 11:26:05.279 HelloWorld[22673:70b] Cannot find executable for CFBundle 0xa577710 </Applications/Xcode.app/Contents/Developer/Platforms/iPhoneSimulator.platform/Developer/SDKs/iPhoneSimulator7.1.sdk/System/Library/AccessibilityBundles/CertUIFramework.axbundle> (not loaded)
2014-04-24 11:26:05.283 HelloWorld[22673:70b] Cannot find executable for CFBundle 0xa293690 </Applications/Xcode.app/Contents/Developer/Platforms/iPhoneSimulator.platform/Developer/SDKs/iPhoneSimulator7.1.sdk/System/Library/AccessibilityBundles/GeoServices.axbundle> (not loaded)
2014-04-24 11:26:05.306 HelloWorld[22673:70b] Multi-tasking -> Device: YES, App: YES
2014-04-24 11:26:05.361 HelloWorld[22673:70b] Resetting plugins due to page load.
2014-04-24 11:26:05.398 HelloWorld[22673:70b] Finished load of: file:///Users/shawnhoffman/Library/Application%20Support/iPhone%20Simulator/7.1/Applications/8A2D1BB1-1BCA-4328-BEA2-C39BC5141D62/HelloWorld.app/www/index.html
objc[22961]: Class AXEmojiUtilities is implemented in both /Applications/Xcode.app/Contents/Developer/Platforms/iPhoneSimulator.platform/Developer/SDKs/iPhoneSimulator7.1.sdk/System/Library/PrivateFrameworks/AccessibilityUtilities.framework/AccessibilityUtilities and /Applications/Xcode.app/Contents/Developer/Platforms/iPhoneSimulator.platform/Developer/SDKs/iPhoneSimulator7.1.sdk/usr/lib/libAXSpeechManager.dylib. One of the two will be used. Which one is undefined.
2014-04-24 11:28:59.966 HelloWorld[22961:70b] Cannot find executable for CFBundle 0xb8b4040 </Applications/Xcode.app/Contents/Developer/Platforms/iPhoneSimulator.platform/Developer/SDKs/iPhoneSimulator7.1.sdk/System/Library/AccessibilityBundles/CertUIFramework.axbundle> (not loaded)
2014-04-24 11:28:59.971 HelloWorld[22961:70b] Cannot find executable for CFBundle 0xa29cca0 </Applications/Xcode.app/Contents/Developer/Platforms/iPhoneSimulator.platform/Developer/SDKs/iPhoneSimulator7.1.sdk/System/Library/AccessibilityBundles/GeoServices.axbundle> (not loaded)
2014-04-24 11:29:00.005 HelloWorld[22961:70b] Multi-tasking -> Device: YES, App: YES
2014-04-24 11:29:00.074 HelloWorld[22961:70b] Resetting plugins due to page load.
2014-04-24 11:29:00.116 HelloWorld[22961:70b] Finished load of: file:///Users/shawnhoffman/Library/Application%20Support/iPhone%20Simulator/7.1/Applications/8A2D1BB1-1BCA-4328-BEA2-C39BC5141D62/HelloWorld.app/www/index.html
2014-04-24 11:32:51.353 HelloWorld[22961:70b] Received memory warning.
objc[23336]: Class AXEmojiUtilities is implemented in both /Applications/Xcode.app/Contents/Developer/Platforms/iPhoneSimulator.platform/Developer/SDKs/iPhoneSimulator7.1.sdk/System/Library/PrivateFrameworks/AccessibilityUtilities.framework/AccessibilityUtilities and /Applications/Xcode.app/Contents/Developer/Platforms/iPhoneSimulator.platform/Developer/SDKs/iPhoneSimulator7.1.sdk/usr/lib/libAXSpeechManager.dylib. One of the two will be used. Which one is undefined.
2014-04-24 11:35:12.114 HelloWorld[23336:70b] Cannot find executable for CFBundle 0xa43ac40 </Applications/Xcode.app/Contents/Developer/Platforms/iPhoneSimulator.platform/Developer/SDKs/iPhoneSimulator7.1.sdk/System/Library/AccessibilityBundles/CertUIFramework.axbundle> (not loaded)
2014-04-24 11:35:12.118 HelloWorld[23336:70b] Cannot find executable for CFBundle 0xa271050 </Applications/Xcode.app/Contents/Developer/Platforms/iPhoneSimulator.platform/Developer/SDKs/iPhoneSimulator7.1.sdk/System/Library/AccessibilityBundles/GeoServices.axbundle> (not loaded)
2014-04-24 11:35:12.149 HelloWorld[23336:70b] Multi-tasking -> Device: YES, App: YES
2014-04-24 11:35:12.274 HelloWorld[23336:70b] Resetting plugins due to page load.
2014-04-24 11:35:12.344 HelloWorld[23336:70b] Finished load of: file:///Users/shawnhoffman/Library/Application%20Support/iPhone%20Simulator/7.1/Applications/8A2D1BB1-1BCA-4328-BEA2-C39BC5141D62/HelloWorld.app/www/index.html
objc[23635]: Class AXEmojiUtilities is implemented in both /Applications/Xcode.app/Contents/Developer/Platforms/iPhoneSimulator.platform/Developer/SDKs/iPhoneSimulator7.1.sdk/System/Library/PrivateFrameworks/AccessibilityUtilities.framework/AccessibilityUtilities and /Applications/Xcode.app/Contents/Developer/Platforms/iPhoneSimulator.platform/Developer/SDKs/iPhoneSimulator7.1.sdk/usr/lib/libAXSpeechManager.dylib. One of the two will be used. Which one is undefined.
2014-04-24 11:38:06.068 HelloWorld[23635:70b] Cannot find executable for CFBundle 0xa79c6d0 </Applications/Xcode.app/Contents/Developer/Platforms/iPhoneSimulator.platform/Developer/SDKs/iPhoneSimulator7.1.sdk/System/Library/AccessibilityBundles/CertUIFramework.axbundle> (not loaded)
2014-04-24 11:38:06.072 HelloWorld[23635:70b] Cannot find executable for CFBundle 0xa7b3270 </Applications/Xcode.app/Contents/Developer/Platforms/iPhoneSimulator.platform/Developer/SDKs/iPhoneSimulator7.1.sdk/System/Library/AccessibilityBundles/GeoServices.axbundle> (not loaded)
2014-04-24 11:38:06.096 HelloWorld[23635:70b] Multi-tasking -> Device: YES, App: YES
2014-04-24 11:38:06.160 HelloWorld[23635:70b] Resetting plugins due to page load.
2014-04-24 11:38:06.198 HelloWorld[23635:70b] Finished load of: file:///Users/shawnhoffman/Library/Application%20Support/iPhone%20Simulator/7.1/Applications/8A2D1BB1-1BCA-4328-BEA2-C39BC5141D62/HelloWorld.app/www/index.html
objc[24172]: Class AXEmojiUtilities is implemented in both /Applications/Xcode.app/Contents/Developer/Platforms/iPhoneSimulator.platform/Developer/SDKs/iPhoneSimulator7.1.sdk/System/Library/PrivateFrameworks/AccessibilityUtilities.framework/AccessibilityUtilities and /Applications/Xcode.app/Contents/Developer/Platforms/iPhoneSimulator.platform/Developer/SDKs/iPhoneSimulator7.1.sdk/usr/lib/libAXSpeechManager.dylib. One of the two will be used. Which one is undefined.
2014-04-24 12:12:47.829 HelloWorld[24172:70b] Cannot find executable for CFBundle 0xa77c760 </Applications/Xcode.app/Contents/Developer/Platforms/iPhoneSimulator.platform/Developer/SDKs/iPhoneSimulator7.1.sdk/System/Library/AccessibilityBundles/CertUIFramework.axbundle> (not loaded)
2014-04-24 12:12:47.836 HelloWorld[24172:70b] Cannot find executable for CFBundle 0xa299600 </Applications/Xcode.app/Contents/Developer/Platforms/iPhoneSimulator.platform/Developer/SDKs/iPhoneSimulator7.1.sdk/System/Library/AccessibilityBundles/GeoServices.axbundle> (not loaded)
2014-04-24 12:12:47.878 HelloWorld[24172:70b] Multi-tasking -> Device: YES, App: YES
2014-04-24 12:12:48.194 HelloWorld[24172:70b] Resetting plugins due to page load.
2014-04-24 12:12:48.292 HelloWorld[24172:70b] Finished load of: file:///Users/shawnhoffman/Library/Application%20Support/iPhone%20Simulator/7.1/Applications/8A2D1BB1-1BCA-4328-BEA2-C39BC5141D62/HelloWorld.app/www/index.html
objc[24558]: Class AXEmojiUtilities is implemented in both /Applications/Xcode.app/Contents/Developer/Platforms/iPhoneSimulator.platform/Developer/SDKs/iPhoneSimulator7.1.sdk/System/Library/PrivateFrameworks/AccessibilityUtilities.framework/AccessibilityUtilities and /Applications/Xcode.app/Contents/Developer/Platforms/iPhoneSimulator.platform/Developer/SDKs/iPhoneSimulator7.1.sdk/usr/lib/libAXSpeechManager.dylib. One of the two will be used. Which one is undefined.
2014-04-24 12:15:05.257 HelloWorld[24558:70b] Cannot find executable for CFBundle 0xb5184b0 </Applications/Xcode.app/Contents/Developer/Platforms/iPhoneSimulator.platform/Developer/SDKs/iPhoneSimulator7.1.sdk/System/Library/AccessibilityBundles/CertUIFramework.axbundle> (not loaded)
2014-04-24 12:15:05.262 HelloWorld[24558:70b] Cannot find executable for CFBundle 0xa40e300 </Applications/Xcode.app/Contents/Developer/Platforms/iPhoneSimulator.platform/Developer/SDKs/iPhoneSimulator7.1.sdk/System/Library/AccessibilityBundles/GeoServices.axbundle> (not loaded)
2014-04-24 12:15:05.303 HelloWorld[24558:70b] Multi-tasking -> Device: YES, App: YES
2014-04-24 12:15:05.412 HelloWorld[24558:70b] Resetting plugins due to page load.
2014-04-24 12:15:05.474 HelloWorld[24558:70b] Finished load of: file:///Users/shawnhoffman/Library/Application%20Support/iPhone%20Simulator/7.1/Applications/8A2D1BB1-1BCA-4328-BEA2-C39BC5141D62/HelloWorld.app/www/index.html
objc[24900]: Class AXEmojiUtilities is implemented in both /Applications/Xcode.app/Contents/Developer/Platforms/iPhoneSimulator.platform/Developer/SDKs/iPhoneSimulator7.1.sdk/System/Library/PrivateFrameworks/AccessibilityUtilities.framework/AccessibilityUtilities and /Applications/Xcode.app/Contents/Developer/Platforms/iPhoneSimulator.platform/Developer/SDKs/iPhoneSimulator7.1.sdk/usr/lib/libAXSpeechManager.dylib. One of the two will be used. Which one is undefined.
2014-04-24 12:18:21.779 HelloWorld[24900:70b] Cannot find executable for CFBundle 0xa753730 </Applications/Xcode.app/Contents/Developer/Platforms/iPhoneSimulator.platform/Developer/SDKs/iPhoneSimulator7.1.sdk/System/Library/AccessibilityBundles/CertUIFramework.axbundle> (not loaded)
2014-04-24 12:18:21.785 HelloWorld[24900:70b] Cannot find executable for CFBundle 0xa82efc0 </Applications/Xcode.app/Contents/Developer/Platforms/iPhoneSimulator.platform/Developer/SDKs/iPhoneSimulator7.1.sdk/System/Library/AccessibilityBundles/GeoServices.axbundle> (not loaded)
2014-04-24 12:18:21.836 HelloWorld[24900:70b] Multi-tasking -> Device: YES, App: YES
2014-04-24 12:18:22.091 HelloWorld[24900:70b] Resetting plugins due to page load.
2014-04-24 12:18:22.163 HelloWorld[24900:70b] Finished load of: file:///Users/shawnhoffman/Library/Application%20Support/iPhone%20Simulator/7.1/Applications/8A2D1BB1-1BCA-4328-BEA2-C39BC5141D62/HelloWorld.app/www/index.html
objc[25183]: Class AXEmojiUtilities is implemented in both /Applications/Xcode.app/Contents/Developer/Platforms/iPhoneSimulator.platform/Developer/SDKs/iPhoneSimulator7.1.sdk/System/Library/PrivateFrameworks/AccessibilityUtilities.framework/AccessibilityUtilities and /Applications/Xcode.app/Contents/Developer/Platforms/iPhoneSimulator.platform/Developer/SDKs/iPhoneSimulator7.1.sdk/usr/lib/libAXSpeechManager.dylib. One of the two will be used. Which one is undefined.
2014-04-24 12:18:42.967 HelloWorld[25183:70b] Cannot find executable for CFBundle 0xa5b2270 </Applications/Xcode.app/Contents/Developer/Platforms/iPhoneSimulator.platform/Developer/SDKs/iPhoneSimulator7.1.sdk/System/Library/AccessibilityBundles/CertUIFramework.axbundle> (not loaded)
2014-04-24 12:18:42.971 HelloWorld[25183:70b] Cannot find executable for CFBundle 0xc0d2160 </Applications/Xcode.app/Contents/Developer/Platforms/iPhoneSimulator.platform/Developer/SDKs/iPhoneSimulator7.1.sdk/System/Library/AccessibilityBundles/GeoServices.axbundle> (not loaded)
2014-04-24 12:18:42.999 HelloWorld[25183:70b] Multi-tasking -> Device: YES, App: YES
2014-04-24 12:18:43.115 HelloWorld[25183:70b] Resetting plugins due to page load.
2014-04-24 12:18:43.144 HelloWorld[25183:70b] Finished load of: file:///Users/shawnhoffman/Library/Application%20Support/iPhone%20Simulator/7.1/Applications/8A2D1BB1-1BCA-4328-BEA2-C39BC5141D62/HelloWorld.app/www/index.html
objc[25969]: Class AXEmojiUtilities is implemented in both /Applications/Xcode.app/Contents/Developer/Platforms/iPhoneSimulator.platform/Developer/SDKs/iPhoneSimulator7.1.sdk/System/Library/PrivateFrameworks/AccessibilityUtilities.framework/AccessibilityUtilities and /Applications/Xcode.app/Contents/Developer/Platforms/iPhoneSimulator.platform/Developer/SDKs/iPhoneSimulator7.1.sdk/usr/lib/libAXSpeechManager.dylib. One of the two will be used. Which one is undefined.
2014-04-24 12:26:45.460 HelloWorld[25969:70b] Cannot find executable for CFBundle 0xa232500 </Applications/Xcode.app/Contents/Developer/Platforms/iPhoneSimulator.platform/Developer/SDKs/iPhoneSimulator7.1.sdk/System/Library/AccessibilityBundles/CertUIFramework.axbundle> (not loaded)
2014-04-24 12:26:45.464 HelloWorld[25969:70b] Cannot find executable for CFBundle 0xa73f820 </Applications/Xcode.app/Contents/Developer/Platforms/iPhoneSimulator.platform/Developer/SDKs/iPhoneSimulator7.1.sdk/System/Library/AccessibilityBundles/GeoServices.axbundle> (not loaded)
2014-04-24 12:26:45.488 HelloWorld[25969:70b] Multi-tasking -> Device: YES, App: YES
2014-04-24 12:26:45.564 HelloWorld[25969:70b] Resetting plugins due to page load.
2014-04-24 12:26:45.594 HelloWorld[25969:70b] Finished load of: file:///Users/shawnhoffman/Library/Application%20Support/iPhone%20Simulator/7.1/Applications/8A2D1BB1-1BCA-4328-BEA2-C39BC5141D62/HelloWorld.app/www/index.html
objc[26668]: Class AXEmojiUtilities is implemented in both /Applications/Xcode.app/Contents/Developer/Platforms/iPhoneSimulator.platform/Developer/SDKs/iPhoneSimulator7.1.sdk/System/Library/PrivateFrameworks/AccessibilityUtilities.framework/AccessibilityUtilities and /Applications/Xcode.app/Contents/Developer/Platforms/iPhoneSimulator.platform/Developer/SDKs/iPhoneSimulator7.1.sdk/usr/lib/libAXSpeechManager.dylib. One of the two will be used. Which one is undefined.
2014-04-24 12:46:45.132 HelloWorld[26668:70b] Cannot find executable for CFBundle 0xa727c00 </Applications/Xcode.app/Contents/Developer/Platforms/iPhoneSimulator.platform/Developer/SDKs/iPhoneSimulator7.1.sdk/System/Library/AccessibilityBundles/GeoServices.axbundle> (not loaded)
2014-04-24 12:46:45.140 HelloWorld[26668:70b] Cannot find executable for CFBundle 0xa52b0c0 </Applications/Xcode.app/Contents/Developer/Platforms/iPhoneSimulator.platform/Developer/SDKs/iPhoneSimulator7.1.sdk/System/Library/AccessibilityBundles/CertUIFramework.axbundle> (not loaded)
2014-04-24 12:46:45.178 HelloWorld[26668:70b] Multi-tasking -> Device: YES, App: YES
2014-04-24 12:46:45.286 HelloWorld[26668:70b] Resetting plugins due to page load.
2014-04-24 12:46:45.342 HelloWorld[26668:70b] Finished load of: file:///Users/shawnhoffman/Library/Application%20Support/iPhone%20Simulator/7.1/Applications/8A2D1BB1-1BCA-4328-BEA2-C39BC5141D62/HelloWorld.app/www/index.html
Terminating in response to SpringBoard's termination.
objc[28343]: Class AXEmojiUtilities is implemented in both /Applications/Xcode.app/Contents/Developer/Platforms/iPhoneSimulator.platform/Developer/SDKs/iPhoneSimulator7.1.sdk/System/Library/PrivateFrameworks/AccessibilityUtilities.framework/AccessibilityUtilities and /Applications/Xcode.app/Contents/Developer/Platforms/iPhoneSimulator.platform/Developer/SDKs/iPhoneSimulator7.1.sdk/usr/lib/libAXSpeechManager.dylib. One of the two will be used. Which one is undefined.
2014-04-24 14:42:04.649 HelloWorld[28343:70b] Cannot find executable for CFBundle 0xa698780 </Applications/Xcode.app/Contents/Developer/Platforms/iPhoneSimulator.platform/Developer/SDKs/iPhoneSimulator7.1.sdk/System/Library/AccessibilityBundles/GeoServices.axbundle> (not loaded)
2014-04-24 14:42:04.656 HelloWorld[28343:70b] Cannot find executable for CFBundle 0xa79e740 </Applications/Xcode.app/Contents/Developer/Platforms/iPhoneSimulator.platform/Developer/SDKs/iPhoneSimulator7.1.sdk/System/Library/AccessibilityBundles/CertUIFramework.axbundle> (not loaded)
2014-04-24 14:42:04.704 HelloWorld[28343:70b] Multi-tasking -> Device: YES, App: YES
2014-04-24 14:42:05.061 HelloWorld[28343:70b] Resetting plugins due to page load.
2014-04-24 14:42:05.193 HelloWorld[28343:70b] Finished load of: file:///Users/shawnhoffman/Library/Application%20Support/iPhone%20Simulator/7.1/Applications/8A2D1BB1-1BCA-4328-BEA2-C39BC5141D62/HelloWorld.app/www/index.html
objc[34755]: Class AXEmojiUtilities is implemented in both /Applications/Xcode.app/Contents/Developer/Platforms/iPhoneSimulator.platform/Developer/SDKs/iPhoneSimulator7.1.sdk/System/Library/PrivateFrameworks/AccessibilityUtilities.framework/AccessibilityUtilities and /Applications/Xcode.app/Contents/Developer/Platforms/iPhoneSimulator.platform/Developer/SDKs/iPhoneSimulator7.1.sdk/usr/lib/libAXSpeechManager.dylib. One of the two will be used. Which one is undefined.
2014-04-25 09:49:43.103 HelloWorld[34755:70b] Cannot find executable for CFBundle 0xa558940 </Applications/Xcode.app/Contents/Developer/Platforms/iPhoneSimulator.platform/Developer/SDKs/iPhoneSimulator7.1.sdk/System/Library/AccessibilityBundles/CertUIFramework.axbundle> (not loaded)
2014-04-25 09:49:43.109 HelloWorld[34755:70b] Cannot find executable for CFBundle 0xa446870 </Applications/Xcode.app/Contents/Developer/Platforms/iPhoneSimulator.platform/Developer/SDKs/iPhoneSimulator7.1.sdk/System/Library/AccessibilityBundles/GeoServices.axbundle> (not loaded)
2014-04-25 09:49:43.150 HelloWorld[34755:70b] Multi-tasking -> Device: YES, App: YES
2014-04-25 09:49:43.528 HelloWorld[34755:70b] Resetting plugins due to page load.
2014-04-25 09:49:43.641 HelloWorld[34755:70b] Finished load of: file:///Users/shawnhoffman/Library/Application%20Support/iPhone%20Simulator/7.1/Applications/8A2D1BB1-1BCA-4328-BEA2-C39BC5141D62/HelloWorld.app/www/index.html
objc[35051]: Class AXEmojiUtilities is implemented in both /Applications/Xcode.app/Contents/Developer/Platforms/iPhoneSimulator.platform/Developer/SDKs/iPhoneSimulator7.1.sdk/System/Library/PrivateFrameworks/AccessibilityUtilities.framework/AccessibilityUtilities and /Applications/Xcode.app/Contents/Developer/Platforms/iPhoneSimulator.platform/Developer/SDKs/iPhoneSimulator7.1.sdk/usr/lib/libAXSpeechManager.dylib. One of the two will be used. Which one is undefined.
2014-04-25 09:51:10.566 HelloWorld[35051:70b] Cannot find executable for CFBundle 0xa49c150 </Applications/Xcode.app/Contents/Developer/Platforms/iPhoneSimulator.platform/Developer/SDKs/iPhoneSimulator7.1.sdk/System/Library/AccessibilityBundles/GeoServices.axbundle> (not loaded)
2014-04-25 09:51:10.570 HelloWorld[35051:70b] Cannot find executable for CFBundle 0xa2b4420 </Applications/Xcode.app/Contents/Developer/Platforms/iPhoneSimulator.platform/Developer/SDKs/iPhoneSimulator7.1.sdk/System/Library/AccessibilityBundles/CertUIFramework.axbundle> (not loaded)
2014-04-25 09:51:10.595 HelloWorld[35051:70b] Multi-tasking -> Device: YES, App: YES
2014-04-25 09:51:10.710 HelloWorld[35051:70b] Resetting plugins due to page load.
2014-04-25 09:51:10.763 HelloWorld[35051:70b] Finished load of: file:///Users/shawnhoffman/Library/Application%20Support/iPhone%20Simulator/7.1/Applications/8A2D1BB1-1BCA-4328-BEA2-C39BC5141D62/HelloWorld.app/www/index.html
objc[35541]: Class AXEmojiUtilities is implemented in both /Applications/Xcode.app/Contents/Developer/Platforms/iPhoneSimulator.platform/Developer/SDKs/iPhoneSimulator7.1.sdk/System/Library/PrivateFrameworks/AccessibilityUtilities.framework/AccessibilityUtilities and /Applications/Xcode.app/Contents/Developer/Platforms/iPhoneSimulator.platform/Developer/SDKs/iPhoneSimulator7.1.sdk/usr/lib/libAXSpeechManager.dylib. One of the two will be used. Which one is undefined.
2014-04-25 10:26:36.486 HelloWorld[35541:70b] Cannot find executable for CFBundle 0xa584950 </Applications/Xcode.app/Contents/Developer/Platforms/iPhoneSimulator.platform/Developer/SDKs/iPhoneSimulator7.1.sdk/System/Library/AccessibilityBundles/CertUIFramework.axbundle> (not loaded)
2014-04-25 10:26:36.491 HelloWorld[35541:70b] Cannot find executable for CFBundle 0xa4ad860 </Applications/Xcode.app/Contents/Developer/Platforms/iPhoneSimulator.platform/Developer/SDKs/iPhoneSimulator7.1.sdk/System/Library/AccessibilityBundles/GeoServices.axbundle> (not loaded)
2014-04-25 10:26:36.518 HelloWorld[35541:70b] Multi-tasking -> Device: YES, App: YES
2014-04-25 10:26:36.619 HelloWorld[35541:70b] Resetting plugins due to page load.
2014-04-25 10:26:36.677 HelloWorld[35541:70b] Finished load of: file:///Users/shawnhoffman/Library/Application%20Support/iPhone%20Simulator/7.1/Applications/8A2D1BB1-1BCA-4328-BEA2-C39BC5141D62/HelloWorld.app/www/index.html
objc[35821]: Class AXEmojiUtilities is implemented in both /Applications/Xcode.app/Contents/Developer/Platforms/iPhoneSimulator.platform/Developer/SDKs/iPhoneSimulator7.1.sdk/System/Library/PrivateFrameworks/AccessibilityUtilities.framework/AccessibilityUtilities and /Applications/Xcode.app/Contents/Developer/Platforms/iPhoneSimulator.platform/Developer/SDKs/iPhoneSimulator7.1.sdk/usr/lib/libAXSpeechManager.dylib. One of the two will be used. Which one is undefined.
2014-04-25 10:28:02.437 HelloWorld[35821:70b] Cannot find executable for CFBundle 0xa74e270 </Applications/Xcode.app/Contents/Developer/Platforms/iPhoneSimulator.platform/Developer/SDKs/iPhoneSimulator7.1.sdk/System/Library/AccessibilityBundles/GeoServices.axbundle> (not loaded)
2014-04-25 10:28:02.442 HelloWorld[35821:70b] Cannot find executable for CFBundle 0xa653a30 </Applications/Xcode.app/Contents/Developer/Platforms/iPhoneSimulator.platform/Developer/SDKs/iPhoneSimulator7.1.sdk/System/Library/AccessibilityBundles/CertUIFramework.axbundle> (not loaded)
2014-04-25 10:28:02.477 HelloWorld[35821:70b] Multi-tasking -> Device: YES, App: YES
2014-04-25 10:28:02.556 HelloWorld[35821:70b] Resetting plugins due to page load.
2014-04-25 10:28:02.604 HelloWorld[35821:70b] Finished load of: file:///Users/shawnhoffman/Library/Application%20Support/iPhone%20Simulator/7.1/Applications/8A2D1BB1-1BCA-4328-BEA2-C39BC5141D62/HelloWorld.app/www/index.html
objc[36154]: Class AXEmojiUtilities is implemented in both /Applications/Xcode.app/Contents/Developer/Platforms/iPhoneSimulator.platform/Developer/SDKs/iPhoneSimulator7.1.sdk/System/Library/PrivateFrameworks/AccessibilityUtilities.framework/AccessibilityUtilities and /Applications/Xcode.app/Contents/Developer/Platforms/iPhoneSimulator.platform/Developer/SDKs/iPhoneSimulator7.1.sdk/usr/lib/libAXSpeechManager.dylib. One of the two will be used. Which one is undefined.
2014-04-25 10:34:33.626 HelloWorld[36154:70b] Cannot find executable for CFBundle 0xa4c4e80 </Applications/Xcode.app/Contents/Developer/Platforms/iPhoneSimulator.platform/Developer/SDKs/iPhoneSimulator7.1.sdk/System/Library/AccessibilityBundles/GeoServices.axbundle> (not loaded)
2014-04-25 10:34:33.631 HelloWorld[36154:70b] Cannot find executable for CFBundle 0xa671420 </Applications/Xcode.app/Contents/Developer/Platforms/iPhoneSimulator.platform/Developer/SDKs/iPhoneSimulator7.1.sdk/System/Library/AccessibilityBundles/CertUIFramework.axbundle> (not loaded)
2014-04-25 10:34:33.673 HelloWorld[36154:70b] Multi-tasking -> Device: YES, App: YES
2014-04-25 10:34:33.764 HelloWorld[36154:70b] Resetting plugins due to page load.
2014-04-25 10:34:33.812 HelloWorld[36154:70b] Finished load of: file:///Users/shawnhoffman/Library/Application%20Support/iPhone%20Simulator/7.1/Applications/8A2D1BB1-1BCA-4328-BEA2-C39BC5141D62/HelloWorld.app/www/index.html
objc[36493]: Class AXEmojiUtilities is implemented in both /Applications/Xcode.app/Contents/Developer/Platforms/iPhoneSimulator.platform/Developer/SDKs/iPhoneSimulator7.1.sdk/System/Library/PrivateFrameworks/AccessibilityUtilities.framework/AccessibilityUtilities and /Applications/Xcode.app/Contents/Developer/Platforms/iPhoneSimulator.platform/Developer/SDKs/iPhoneSimulator7.1.sdk/usr/lib/libAXSpeechManager.dylib. One of the two will be used. Which one is undefined.
2014-04-25 10:45:01.212 HelloWorld[36493:70b] Cannot find executable for CFBundle 0xa7ba0d0 </Applications/Xcode.app/Contents/Developer/Platforms/iPhoneSimulator.platform/Developer/SDKs/iPhoneSimulator7.1.sdk/System/Library/AccessibilityBundles/CertUIFramework.axbundle> (not loaded)
2014-04-25 10:45:01.216 HelloWorld[36493:70b] Cannot find executable for CFBundle 0xa2932c0 </Applications/Xcode.app/Contents/Developer/Platforms/iPhoneSimulator.platform/Developer/SDKs/iPhoneSimulator7.1.sdk/System/Library/AccessibilityBundles/GeoServices.axbundle> (not loaded)
2014-04-25 10:45:01.253 HelloWorld[36493:70b] Multi-tasking -> Device: YES, App: YES
2014-04-25 10:45:01.347 HelloWorld[36493:70b] Resetting plugins due to page load.
2014-04-25 10:45:01.395 HelloWorld[36493:70b] Finished load of: file:///Users/shawnhoffman/Library/Application%20Support/iPhone%20Simulator/7.1/Applications/8A2D1BB1-1BCA-4328-BEA2-C39BC5141D62/HelloWorld.app/www/index.html
objc[36777]: Class AXEmojiUtilities is implemented in both /Applications/Xcode.app/Contents/Developer/Platforms/iPhoneSimulator.platform/Developer/SDKs/iPhoneSimulator7.1.sdk/System/Library/PrivateFrameworks/AccessibilityUtilities.framework/AccessibilityUtilities and /Applications/Xcode.app/Contents/Developer/Platforms/iPhoneSimulator.platform/Developer/SDKs/iPhoneSimulator7.1.sdk/usr/lib/libAXSpeechManager.dylib. One of the two will be used. Which one is undefined.
2014-04-25 10:45:30.962 HelloWorld[36777:70b] Cannot find executable for CFBundle 0xa48b1f0 </Applications/Xcode.app/Contents/Developer/Platforms/iPhoneSimulator.platform/Developer/SDKs/iPhoneSimulator7.1.sdk/System/Library/AccessibilityBundles/GeoServices.axbundle> (not loaded)
2014-04-25 10:45:30.966 HelloWorld[36777:70b] Cannot find executable for CFBundle 0xa25d120 </Applications/Xcode.app/Contents/Developer/Platforms/iPhoneSimulator.platform/Developer/SDKs/iPhoneSimulator7.1.sdk/System/Library/AccessibilityBundles/CertUIFramework.axbundle> (not loaded)
2014-04-25 10:45:30.992 HelloWorld[36777:70b] Multi-tasking -> Device: YES, App: YES
2014-04-25 10:45:31.056 HelloWorld[36777:70b] Resetting plugins due to page load.
2014-04-25 10:45:31.104 HelloWorld[36777:70b] Finished load of: file:///Users/shawnhoffman/Library/Application%20Support/iPhone%20Simulator/7.1/Applications/8A2D1BB1-1BCA-4328-BEA2-C39BC5141D62/HelloWorld.app/www/index.html
objc[37087]: Class AXEmojiUtilities is implemented in both /Applications/Xcode.app/Contents/Developer/Platforms/iPhoneSimulator.platform/Developer/SDKs/iPhoneSimulator7.1.sdk/System/Library/PrivateFrameworks/AccessibilityUtilities.framework/AccessibilityUtilities and /Applications/Xcode.app/Contents/Developer/Platforms/iPhoneSimulator.platform/Developer/SDKs/iPhoneSimulator7.1.sdk/usr/lib/libAXSpeechManager.dylib. One of the two will be used. Which one is undefined.
2014-04-25 10:50:19.250 HelloWorld[37087:70b] Cannot find executable for CFBundle 0xa2d8b00 </Applications/Xcode.app/Contents/Developer/Platforms/iPhoneSimulator.platform/Developer/SDKs/iPhoneSimulator7.1.sdk/System/Library/AccessibilityBundles/CertUIFramework.axbundle> (not loaded)
2014-04-25 10:50:19.255 HelloWorld[37087:70b] Cannot find executable for CFBundle 0xa78e6a0 </Applications/Xcode.app/Contents/Developer/Platforms/iPhoneSimulator.platform/Developer/SDKs/iPhoneSimulator7.1.sdk/System/Library/AccessibilityBundles/GeoServices.axbundle> (not loaded)
2014-04-25 10:50:19.274 HelloWorld[37087:70b] Multi-tasking -> Device: YES, App: YES
2014-04-25 10:50:19.329 HelloWorld[37087:70b] Resetting plugins due to page load.
2014-04-25 10:50:19.377 HelloWorld[37087:70b] Finished load of: file:///Users/shawnhoffman/Library/Application%20Support/iPhone%20Simulator/7.1/Applications/8A2D1BB1-1BCA-4328-BEA2-C39BC5141D62/HelloWorld.app/www/index.html
2014-04-25 10:50:51.272 HelloWorld[37087:70b] Received memory warning.
objc[37569]: Class AXEmojiUtilities is implemented in both /Applications/Xcode.app/Contents/Developer/Platforms/iPhoneSimulator.platform/Developer/SDKs/iPhoneSimulator7.1.sdk/System/Library/PrivateFrameworks/AccessibilityUtilities.framework/AccessibilityUtilities and /Applications/Xcode.app/Contents/Developer/Platforms/iPhoneSimulator.platform/Developer/SDKs/iPhoneSimulator7.1.sdk/usr/lib/libAXSpeechManager.dylib. One of the two will be used. Which one is undefined.
2014-04-25 11:02:01.752 HelloWorld[37569:70b] Cannot find executable for CFBundle 0xa286670 </Applications/Xcode.app/Contents/Developer/Platforms/iPhoneSimulator.platform/Developer/SDKs/iPhoneSimulator7.1.sdk/System/Library/AccessibilityBundles/CertUIFramework.axbundle> (not loaded)
2014-04-25 11:02:01.758 HelloWorld[37569:70b] Cannot find executable for CFBundle 0xa47d4d0 </Applications/Xcode.app/Contents/Developer/Platforms/iPhoneSimulator.platform/Developer/SDKs/iPhoneSimulator7.1.sdk/System/Library/AccessibilityBundles/GeoServices.axbundle> (not loaded)
2014-04-25 11:02:01.818 HelloWorld[37569:70b] Multi-tasking -> Device: YES, App: YES
2014-04-25 11:02:02.065 HelloWorld[37569:70b] Resetting plugins due to page load.
2014-04-25 11:02:02.188 HelloWorld[37569:70b] Finished load of: file:///Users/shawnhoffman/Library/Application%20Support/iPhone%20Simulator/7.1/Applications/8A2D1BB1-1BCA-4328-BEA2-C39BC5141D62/HelloWorld.app/www/index.html
objc[39321]: Class AXEmojiUtilities is implemented in both /Applications/Xcode.app/Contents/Developer/Platforms/iPhoneSimulator.platform/Developer/SDKs/iPhoneSimulator7.1.sdk/System/Library/PrivateFrameworks/AccessibilityUtilities.framework/AccessibilityUtilities and /Applications/Xcode.app/Contents/Developer/Platforms/iPhoneSimulator.platform/Developer/SDKs/iPhoneSimulator7.1.sdk/usr/lib/libAXSpeechManager.dylib. One of the two will be used. Which one is undefined.
2014-04-25 13:52:00.421 HelloWorld[39321:70b] Cannot find executable for CFBundle 0xa6afe60 </Applications/Xcode.app/Contents/Developer/Platforms/iPhoneSimulator.platform/Developer/SDKs/iPhoneSimulator7.1.sdk/System/Library/AccessibilityBundles/GeoServices.axbundle> (not loaded)
2014-04-25 13:52:00.428 HelloWorld[39321:70b] Cannot find executable for CFBundle 0xa4e3300 </Applications/Xcode.app/Contents/Developer/Platforms/iPhoneSimulator.platform/Developer/SDKs/iPhoneSimulator7.1.sdk/System/Library/AccessibilityBundles/CertUIFramework.axbundle> (not loaded)
2014-04-25 13:52:00.479 HelloWorld[39321:70b] Multi-tasking -> Device: YES, App: YES
2014-04-25 13:52:00.853 HelloWorld[39321:70b] Resetting plugins due to page load.
2014-04-25 13:52:01.032 HelloWorld[39321:70b] Finished load of: file:///Users/shawnhoffman/Library/Application%20Support/iPhone%20Simulator/7.1/Applications/8A2D1BB1-1BCA-4328-BEA2-C39BC5141D62/HelloWorld.app/www/index.html
2014-04-25 14:01:31.244 HelloWorld[39321:70b] Received memory warning.
objc[39834]: Class AXEmojiUtilities is implemented in both /Applications/Xcode.app/Contents/Developer/Platforms/iPhoneSimulator.platform/Developer/SDKs/iPhoneSimulator7.1.sdk/System/Library/PrivateFrameworks/AccessibilityUtilities.framework/AccessibilityUtilities and /Applications/Xcode.app/Contents/Developer/Platforms/iPhoneSimulator.platform/Developer/SDKs/iPhoneSimulator7.1.sdk/usr/lib/libAXSpeechManager.dylib. One of the two will be used. Which one is undefined.
2014-04-25 14:11:59.275 HelloWorld[39834:70b] Cannot find executable for CFBundle 0xa74cbd0 </Applications/Xcode.app/Contents/Developer/Platforms/iPhoneSimulator.platform/Developer/SDKs/iPhoneSimulator7.1.sdk/System/Library/AccessibilityBundles/CertUIFramework.axbundle> (not loaded)
2014-04-25 14:11:59.278 HelloWorld[39834:70b] Cannot find executable for CFBundle 0xa366c20 </Applications/Xcode.app/Contents/Developer/Platforms/iPhoneSimulator.platform/Developer/SDKs/iPhoneSimulator7.1.sdk/System/Library/AccessibilityBundles/GeoServices.axbundle> (not loaded)
2014-04-25 14:11:59.300 HelloWorld[39834:70b] Multi-tasking -> Device: YES, App: YES
2014-04-25 14:11:59.393 HelloWorld[39834:70b] Resetting plugins due to page load.
2014-04-25 14:11:59.470 HelloWorld[39834:70b] Finished load of: file:///Users/shawnhoffman/Library/Application%20Support/iPhone%20Simulator/7.1/Applications/8A2D1BB1-1BCA-4328-BEA2-C39BC5141D62/HelloWorld.app/www/index.html
objc[40130]: Class AXEmojiUtilities is implemented in both /Applications/Xcode.app/Contents/Developer/Platforms/iPhoneSimulator.platform/Developer/SDKs/iPhoneSimulator7.1.sdk/System/Library/PrivateFrameworks/AccessibilityUtilities.framework/AccessibilityUtilities and /Applications/Xcode.app/Contents/Developer/Platforms/iPhoneSimulator.platform/Developer/SDKs/iPhoneSimulator7.1.sdk/usr/lib/libAXSpeechManager.dylib. One of the two will be used. Which one is undefined.
2014-04-25 14:12:28.473 HelloWorld[40130:70b] Cannot find executable for CFBundle 0xa279b20 </Applications/Xcode.app/Contents/Developer/Platforms/iPhoneSimulator.platform/Developer/SDKs/iPhoneSimulator7.1.sdk/System/Library/AccessibilityBundles/CertUIFramework.axbundle> (not loaded)
2014-04-25 14:12:28.476 HelloWorld[40130:70b] Cannot find executable for CFBundle 0xa28d460 </Applications/Xcode.app/Contents/Developer/Platforms/iPhoneSimulator.platform/Developer/SDKs/iPhoneSimulator7.1.sdk/System/Library/AccessibilityBundles/GeoServices.axbundle> (not loaded)
2014-04-25 14:12:28.512 HelloWorld[40130:70b] Multi-tasking -> Device: YES, App: YES
2014-04-25 14:12:28.594 HelloWorld[40130:70b] Resetting plugins due to page load.
2014-04-25 14:12:28.669 HelloWorld[40130:70b] Finished load of: file:///Users/shawnhoffman/Library/Application%20Support/iPhone%20Simulator/7.1/Applications/8A2D1BB1-1BCA-4328-BEA2-C39BC5141D62/HelloWorld.app/www/index.html
objc[41131]: Class AXEmojiUtilities is implemented in both /Applications/Xcode.app/Contents/Developer/Platforms/iPhoneSimulator.platform/Developer/SDKs/iPhoneSimulator7.1.sdk/System/Library/PrivateFrameworks/AccessibilityUtilities.framework/AccessibilityUtilities and /Applications/Xcode.app/Contents/Developer/Platforms/iPhoneSimulator.platform/Developer/SDKs/iPhoneSimulator7.1.sdk/usr/lib/libAXSpeechManager.dylib. One of the two will be used. Which one is undefined.
2014-04-25 14:48:36.191 King Score Card[41131:70b] Cannot find executable for CFBundle 0xa657360 </Applications/Xcode.app/Contents/Developer/Platforms/iPhoneSimulator.platform/Developer/SDKs/iPhoneSimulator7.1.sdk/System/Library/AccessibilityBundles/CertUIFramework.axbundle> (not loaded)
2014-04-25 14:48:36.196 King Score Card[41131:70b] Cannot find executable for CFBundle 0xa68c8c0 </Applications/Xcode.app/Contents/Developer/Platforms/iPhoneSimulator.platform/Developer/SDKs/iPhoneSimulator7.1.sdk/System/Library/AccessibilityBundles/GeoServices.axbundle> (not loaded)
2014-04-25 14:48:36.243 King Score Card[41131:70b] Multi-tasking -> Device: YES, App: YES
2014-04-25 14:48:36.598 King Score Card[41131:70b] Resetting plugins due to page load.
2014-04-25 14:48:36.808 King Score Card[41131:70b] Finished load of: file:///Users/shawnhoffman/Library/Application%20Support/iPhone%20Simulator/7.1/Applications/C1065A4C-08FB-4982-8039-8428D3C89803/King%20Score%20Card.app/www/index.html
objc[44058]: Class AXEmojiUtilities is implemented in both /Applications/Xcode.app/Contents/Developer/Platforms/iPhoneSimulator.platform/Developer/SDKs/iPhoneSimulator7.1.sdk/System/Library/PrivateFrameworks/AccessibilityUtilities.framework/AccessibilityUtilities and /Applications/Xcode.app/Contents/Developer/Platforms/iPhoneSimulator.platform/Developer/SDKs/iPhoneSimulator7.1.sdk/usr/lib/libAXSpeechManager.dylib. One of the two will be used. Which one is undefined.
2014-04-25 15:04:53.865 King Score Card[44058:70b] Cannot find executable for CFBundle 0xa5431e0 </Applications/Xcode.app/Contents/Developer/Platforms/iPhoneSimulator.platform/Developer/SDKs/iPhoneSimulator7.1.sdk/System/Library/AccessibilityBundles/CertUIFramework.axbundle> (not loaded)
2014-04-25 15:04:53.871 King Score Card[44058:70b] Cannot find executable for CFBundle 0xa26cbc0 </Applications/Xcode.app/Contents/Developer/Platforms/iPhoneSimulator.platform/Developer/SDKs/iPhoneSimulator7.1.sdk/System/Library/AccessibilityBundles/GeoServices.axbundle> (not loaded)
2014-04-25 15:04:53.915 King Score Card[44058:70b] Multi-tasking -> Device: YES, App: YES
2014-04-25 15:04:54.216 King Score Card[44058:70b] Resetting plugins due to page load.
2014-04-25 15:04:54.390 King Score Card[44058:70b] Finished load of: file:///Users/shawnhoffman/Library/Application%20Support/iPhone%20Simulator/7.1/Applications/C1065A4C-08FB-4982-8039-8428D3C89803/King%20Score%20Card.app/www/index.html
objc[44353]: Class AXEmojiUtilities is implemented in both /Applications/Xcode.app/Contents/Developer/Platforms/iPhoneSimulator.platform/Developer/SDKs/iPhoneSimulator7.1.sdk/System/Library/PrivateFrameworks/AccessibilityUtilities.framework/AccessibilityUtilities and /Applications/Xcode.app/Contents/Developer/Platforms/iPhoneSimulator.platform/Developer/SDKs/iPhoneSimulator7.1.sdk/usr/lib/libAXSpeechManager.dylib. One of the two will be used. Which one is undefined.
2014-04-25 15:05:16.770 King Score Card[44353:70b] Cannot find executable for CFBundle 0xb3cb350 </Applications/Xcode.app/Contents/Developer/Platforms/iPhoneSimulator.platform/Developer/SDKs/iPhoneSimulator7.1.sdk/System/Library/AccessibilityBundles/GeoServices.axbundle> (not loaded)
2014-04-25 15:05:16.775 King Score Card[44353:70b] Cannot find executable for CFBundle 0xa375d10 </Applications/Xcode.app/Contents/Developer/Platforms/iPhoneSimulator.platform/Developer/SDKs/iPhoneSimulator7.1.sdk/System/Library/AccessibilityBundles/CertUIFramework.axbundle> (not loaded)
2014-04-25 15:05:16.811 King Score Card[44353:70b] Multi-tasking -> Device: YES, App: YES
2014-04-25 15:05:16.911 King Score Card[44353:70b] Resetting plugins due to page load.
2014-04-25 15:05:16.984 King Score Card[44353:70b] Finished load of: file:///Users/shawnhoffman/Library/Application%20Support/iPhone%20Simulator/7.1/Applications/5CB5E49D-B006-497D-9905-E007E1ABED98/King%20Score%20Card.app/www/index.html
objc[44718]: Class AXEmojiUtilities is implemented in both /Applications/Xcode.app/Contents/Developer/Platforms/iPhoneSimulator.platform/Developer/SDKs/iPhoneSimulator7.1.sdk/System/Library/PrivateFrameworks/AccessibilityUtilities.framework/AccessibilityUtilities and /Applications/Xcode.app/Contents/Developer/Platforms/iPhoneSimulator.platform/Developer/SDKs/iPhoneSimulator7.1.sdk/usr/lib/libAXSpeechManager.dylib. One of the two will be used. Which one is undefined.
2014-04-25 15:08:52.938 King Score Card[44718:70b] Cannot find executable for CFBundle 0xa3a44a0 </Applications/Xcode.app/Contents/Developer/Platforms/iPhoneSimulator.platform/Developer/SDKs/iPhoneSimulator7.1.sdk/System/Library/AccessibilityBundles/GeoServices.axbundle> (not loaded)
2014-04-25 15:08:52.943 King Score Card[44718:70b] Cannot find executable for CFBundle 0xa28bba0 </Applications/Xcode.app/Contents/Developer/Platforms/iPhoneSimulator.platform/Developer/SDKs/iPhoneSimulator7.1.sdk/System/Library/AccessibilityBundles/CertUIFramework.axbundle> (not loaded)
2014-04-25 15:08:52.968 King Score Card[44718:70b] Multi-tasking -> Device: YES, App: YES
2014-04-25 15:08:53.073 King Score Card[44718:70b] Resetting plugins due to page load.
2014-04-25 15:08:53.155 King Score Card[44718:70b] Finished load of: file:///Users/shawnhoffman/Library/Application%20Support/iPhone%20Simulator/7.1/Applications/5CB5E49D-B006-497D-9905-E007E1ABED98/King%20Score%20Card.app/www/index.html
objc[45008]: Class AXEmojiUtilities is implemented in both /Applications/Xcode.app/Contents/Developer/Platforms/iPhoneSimulator.platform/Developer/SDKs/iPhoneSimulator7.1.sdk/System/Library/PrivateFrameworks/AccessibilityUtilities.framework/AccessibilityUtilities and /Applications/Xcode.app/Contents/Developer/Platforms/iPhoneSimulator.platform/Developer/SDKs/iPhoneSimulator7.1.sdk/usr/lib/libAXSpeechManager.dylib. One of the two will be used. Which one is undefined.
2014-04-25 15:09:14.086 King Score Card[45008:70b] Cannot find executable for CFBundle 0xa459ba0 </Applications/Xcode.app/Contents/Developer/Platforms/iPhoneSimulator.platform/Developer/SDKs/iPhoneSimulator7.1.sdk/System/Library/AccessibilityBundles/GeoServices.axbundle> (not loaded)
2014-04-25 15:09:14.090 King Score Card[45008:70b] Cannot find executable for CFBundle 0xa2d1c10 </Applications/Xcode.app/Contents/Developer/Platforms/iPhoneSimulator.platform/Developer/SDKs/iPhoneSimulator7.1.sdk/System/Library/AccessibilityBundles/CertUIFramework.axbundle> (not loaded)
2014-04-25 15:09:14.126 King Score Card[45008:70b] Multi-tasking -> Device: YES, App: YES
2014-04-25 15:09:14.219 King Score Card[45008:70b] Resetting plugins due to page load.
2014-04-25 15:09:14.293 King Score Card[45008:70b] Finished load of: file:///Users/shawnhoffman/Library/Application%20Support/iPhone%20Simulator/7.1/Applications/E77C921E-64D5-4EDE-B8DB-218C43EFAD64/King%20Score%20Card.app/www/index.html
objc[45482]: Class AXEmojiUtilities is implemented in both /Applications/Xcode.app/Contents/Developer/Platforms/iPhoneSimulator.platform/Developer/SDKs/iPhoneSimulator7.1.sdk/System/Library/PrivateFrameworks/AccessibilityUtilities.framework/AccessibilityUtilities and /Applications/Xcode.app/Contents/Developer/Platforms/iPhoneSimulator.platform/Developer/SDKs/iPhoneSimulator7.1.sdk/usr/lib/libAXSpeechManager.dylib. One of the two will be used. Which one is undefined.
2014-04-25 15:11:43.555 King Score Card[45482:70b] Cannot find executable for CFBundle 0xa2a4360 </Applications/Xcode.app/Contents/Developer/Platforms/iPhoneSimulator.platform/Developer/SDKs/iPhoneSimulator7.1.sdk/System/Library/AccessibilityBundles/GeoServices.axbundle> (not loaded)
2014-04-25 15:11:43.559 King Score Card[45482:70b] Cannot find executable for CFBundle 0xa4e1a90 </Applications/Xcode.app/Contents/Developer/Platforms/iPhoneSimulator.platform/Developer/SDKs/iPhoneSimulator7.1.sdk/System/Library/AccessibilityBundles/CertUIFramework.axbundle> (not loaded)
2014-04-25 15:11:43.583 King Score Card[45482:70b] Multi-tasking -> Device: YES, App: YES
2014-04-25 15:11:43.705 King Score Card[45482:70b] Resetting plugins due to page load.
2014-04-25 15:11:43.785 King Score Card[45482:70b] Finished load of: file:///Users/shawnhoffman/Library/Application%20Support/iPhone%20Simulator/7.1/Applications/E77C921E-64D5-4EDE-B8DB-218C43EFAD64/King%20Score%20Card.app/www/index.html
objc[46959]: Class AXEmojiUtilities is implemented in both /Applications/Xcode.app/Contents/Developer/Platforms/iPhoneSimulator.platform/Developer/SDKs/iPhoneSimulator7.1.sdk/System/Library/PrivateFrameworks/AccessibilityUtilities.framework/AccessibilityUtilities and /Applications/Xcode.app/Contents/Developer/Platforms/iPhoneSimulator.platform/Developer/SDKs/iPhoneSimulator7.1.sdk/usr/lib/libAXSpeechManager.dylib. One of the two will be used. Which one is undefined.
2014-04-25 15:16:56.154 King Score Card[46959:70b] Cannot find executable for CFBundle 0xa89d030 </Applications/Xcode.app/Contents/Developer/Platforms/iPhoneSimulator.platform/Developer/SDKs/iPhoneSimulator7.1.sdk/System/Library/AccessibilityBundles/CertUIFramework.axbundle> (not loaded)
2014-04-25 15:16:56.158 King Score Card[46959:70b] Cannot find executable for CFBundle 0xa979c40 </Applications/Xcode.app/Contents/Developer/Platforms/iPhoneSimulator.platform/Developer/SDKs/iPhoneSimulator7.1.sdk/System/Library/AccessibilityBundles/GeoServices.axbundle> (not loaded)
2014-04-25 15:16:56.183 King Score Card[46959:70b] Multi-tasking -> Device: YES, App: YES
2014-04-25 15:16:56.295 King Score Card[46959:70b] Resetting plugins due to page load.
2014-04-25 15:16:56.406 King Score Card[46959:70b] Finished load of: file:///Users/shawnhoffman/Library/Application%20Support/iPhone%20Simulator/7.1/Applications/E77C921E-64D5-4EDE-B8DB-218C43EFAD64/King%20Score%20Card.app/www/index.html
objc[47255]: Class AXEmojiUtilities is implemented in both /Applications/Xcode.app/Contents/Developer/Platforms/iPhoneSimulator.platform/Developer/SDKs/iPhoneSimulator7.1.sdk/System/Library/PrivateFrameworks/AccessibilityUtilities.framework/AccessibilityUtilities and /Applications/Xcode.app/Contents/Developer/Platforms/iPhoneSimulator.platform/Developer/SDKs/iPhoneSimulator7.1.sdk/usr/lib/libAXSpeechManager.dylib. One of the two will be used. Which one is undefined.
2014-04-25 15:17:33.926 King Score Card[47255:70b] Cannot find executable for CFBundle 0xa48c530 </Applications/Xcode.app/Contents/Developer/Platforms/iPhoneSimulator.platform/Developer/SDKs/iPhoneSimulator7.1.sdk/System/Library/AccessibilityBundles/GeoServices.axbundle> (not loaded)
2014-04-25 15:17:33.930 King Score Card[47255:70b] Cannot find executable for CFBundle 0xa28fa40 </Applications/Xcode.app/Contents/Developer/Platforms/iPhoneSimulator.platform/Developer/SDKs/iPhoneSimulator7.1.sdk/System/Library/AccessibilityBundles/CertUIFramework.axbundle> (not loaded)
2014-04-25 15:17:33.969 King Score Card[47255:70b] Multi-tasking -> Device: YES, App: YES
2014-04-25 15:17:34.060 King Score Card[47255:70b] Resetting plugins due to page load.
2014-04-25 15:17:34.135 King Score Card[47255:70b] Finished load of: file:///Users/shawnhoffman/Library/Application%20Support/iPhone%20Simulator/7.1/Applications/89CFC146-EDC0-48DF-8030-40FB6F75FAC6/King%20Score%20Card.app/www/index.html
objc[51568]: Class AXEmojiUtilities is implemented in both /Applications/Xcode.app/Contents/Developer/Platforms/iPhoneSimulator.platform/Developer/SDKs/iPhoneSimulator7.1.sdk/System/Library/PrivateFrameworks/AccessibilityUtilities.framework/AccessibilityUtilities and /Applications/Xcode.app/Contents/Developer/Platforms/iPhoneSimulator.platform/Developer/SDKs/iPhoneSimulator7.1.sdk/usr/lib/libAXSpeechManager.dylib. One of the two will be used. Which one is undefined.
2014-04-25 16:17:23.163 King Score Card[51568:70b] Cannot find executable for CFBundle 0xa2497f0 </Applications/Xcode.app/Contents/Developer/Platforms/iPhoneSimulator.platform/Developer/SDKs/iPhoneSimulator7.1.sdk/System/Library/AccessibilityBundles/GeoServices.axbundle> (not loaded)
2014-04-25 16:17:23.168 King Score Card[51568:70b] Cannot find executable for CFBundle 0xa35a6e0 </Applications/Xcode.app/Contents/Developer/Platforms/iPhoneSimulator.platform/Developer/SDKs/iPhoneSimulator7.1.sdk/System/Library/AccessibilityBundles/CertUIFramework.axbundle> (not loaded)
2014-04-25 16:17:23.220 King Score Card[51568:70b] Multi-tasking -> Device: YES, App: YES
2014-04-25 16:17:23.471 King Score Card[51568:70b] Resetting plugins due to page load.
2014-04-25 16:17:23.623 King Score Card[51568:70b] Finished load of: file:///Users/shawnhoffman/Library/Application%20Support/iPhone%20Simulator/7.1/Applications/89CFC146-EDC0-48DF-8030-40FB6F75FAC6/King%20Score%20Card.app/www/index.html
objc[51940]: Class AXEmojiUtilities is implemented in both /Applications/Xcode.app/Contents/Developer/Platforms/iPhoneSimulator.platform/Developer/SDKs/iPhoneSimulator7.1.sdk/System/Library/PrivateFrameworks/AccessibilityUtilities.framework/AccessibilityUtilities and /Applications/Xcode.app/Contents/Developer/Platforms/iPhoneSimulator.platform/Developer/SDKs/iPhoneSimulator7.1.sdk/usr/lib/libAXSpeechManager.dylib. One of the two will be used. Which one is undefined.
2014-04-25 16:27:53.133 King Score Card[51940:70b] Cannot find executable for CFBundle 0xa654530 </Applications/Xcode.app/Contents/Developer/Platforms/iPhoneSimulator.platform/Developer/SDKs/iPhoneSimulator7.1.sdk/System/Library/AccessibilityBundles/CertUIFramework.axbundle> (not loaded)
2014-04-25 16:27:53.137 King Score Card[51940:70b] Cannot find executable for CFBundle 0xa85e890 </Applications/Xcode.app/Contents/Developer/Platforms/iPhoneSimulator.platform/Developer/SDKs/iPhoneSimulator7.1.sdk/System/Library/AccessibilityBundles/GeoServices.axbundle> (not loaded)
2014-04-25 16:27:53.159 King Score Card[51940:70b] Multi-tasking -> Device: YES, App: YES
2014-04-25 16:27:53.274 King Score Card[51940:70b] Resetting plugins due to page load.
2014-04-25 16:27:53.405 King Score Card[51940:70b] Finished load of: file:///Users/shawnhoffman/Library/Application%20Support/iPhone%20Simulator/7.1/Applications/89CFC146-EDC0-48DF-8030-40FB6F75FAC6/King%20Score%20Card.app/www/index.html
